{"D:\\WEB\\src\\Shimmer.js": {"path":"D:\\WEB\\src\\Shimmer.js","statementMap":{"0":{"start":{"line":1,"column":16},"end":{"line":7,"column":1}},"1":{"start":{"line":2,"column":4},"end":{"line":6,"column":6}}},"fnMap":{"0":{"name":"(anonymous_0)","decl":{"start":{"line":1,"column":16},"end":{"line":1,"column":17}},"loc":{"start":{"line":1,"column":22},"end":{"line":7,"column":1}},"line":1}},"branchMap":{},"s":{"0":1,"1":0},"f":{"0":0},"b":{},"_coverageSchema":"1a1c01bbd47fc00a2c39e90264f33305004495a9","hash":"53febf86ae1936f63bef0a6e7d9ca85579844d82"}
,"D:\\WEB\\src\\config.js": {"path":"D:\\WEB\\src\\config.js","statementMap":{"0":{"start":{"line":1,"column":26},"end":{"line":1,"column":109}},"1":{"start":{"line":3,"column":30},"end":{"line":646,"column":1}}},"fnMap":{},"branchMap":{},"s":{"0":1,"1":1},"f":{},"b":{},"_coverageSchema":"1a1c01bbd47fc00a2c39e90264f33305004495a9","hash":"0cceb02ce91318539d32c1608f102f503e417885"}
,"D:\\WEB\\src\\components\\Body.js": {"path":"D:\\WEB\\src\\components\\Body.js","statementMap":{"0":{"start":{"line":11,"column":13},"end":{"line":74,"column":1}},"1":{"start":{"line":12,"column":41},"end":{"line":12,"column":53}},"2":{"start":{"line":13,"column":54},"end":{"line":13,"column":66}},"3":{"start":{"line":15,"column":48},"end":{"line":15,"column":60}},"4":{"start":{"line":17,"column":26},"end":{"line":17,"column":49}},"5":{"start":{"line":19,"column":2},"end":{"line":21,"column":9}},"6":{"start":{"line":20,"column":4},"end":{"line":20,"column":21}},"7":{"start":{"line":23,"column":17},"end":{"line":23,"column":168}},"8":{"start":{"line":24,"column":17},"end":{"line":24,"column":34}},"9":{"start":{"line":26,"column":4},"end":{"line":26,"column":101}},"10":{"start":{"line":27,"column":4},"end":{"line":27,"column":98}},"11":{"start":{"line":29,"column":2},"end":{"line":29,"column":33}},"12":{"start":{"line":31,"column":2},"end":{"line":32,"column":40}},"13":{"start":{"line":32,"column":4},"end":{"line":32,"column":40}},"14":{"start":{"line":34,"column":4},"end":{"line":73,"column":6}},"15":{"start":{"line":44,"column":8},"end":{"line":44,"column":39}},"16":{"start":{"line":49,"column":23},"end":{"line":49,"column":63}},"17":{"start":{"line":50,"column":10},"end":{"line":50,"column":37}},"18":{"start":{"line":54,"column":15},"end":{"line":57,"column":10}},"19":{"start":{"line":61,"column":15},"end":{"line":64,"column":10}},"20":{"start":{"line":69,"column":10},"end":{"line":69,"column":141}}},"fnMap":{"0":{"name":"(anonymous_0)","decl":{"start":{"line":11,"column":13},"end":{"line":11,"column":14}},"loc":{"start":{"line":11,"column":17},"end":{"line":74,"column":1}},"line":11},"1":{"name":"(anonymous_1)","decl":{"start":{"line":19,"column":12},"end":{"line":19,"column":13}},"loc":{"start":{"line":19,"column":18},"end":{"line":21,"column":3}},"line":19},"2":{"name":"getRestaurants","decl":{"start":{"line":22,"column":17},"end":{"line":22,"column":31}},"loc":{"start":{"line":22,"column":34},"end":{"line":28,"column":3}},"line":22},"3":{"name":"(anonymous_3)","decl":{"start":{"line":43,"column":17},"end":{"line":43,"column":18}},"loc":{"start":{"line":43,"column":24},"end":{"line":45,"column":7}},"line":43},"4":{"name":"(anonymous_4)","decl":{"start":{"line":48,"column":17},"end":{"line":48,"column":18}},"loc":{"start":{"line":48,"column":21},"end":{"line":51,"column":9}},"line":48},"5":{"name":"(anonymous_5)","decl":{"start":{"line":54,"column":10},"end":{"line":54,"column":11}},"loc":{"start":{"line":54,"column":15},"end":{"line":57,"column":10}},"line":54},"6":{"name":"(anonymous_6)","decl":{"start":{"line":61,"column":10},"end":{"line":61,"column":11}},"loc":{"start":{"line":61,"column":15},"end":{"line":64,"column":10}},"line":61},"7":{"name":"(anonymous_7)","decl":{"start":{"line":68,"column":31},"end":{"line":68,"column":32}},"loc":{"start":{"line":68,"column":46},"end":{"line":70,"column":9}},"line":68}},"branchMap":{"0":{"loc":{"start":{"line":31,"column":2},"end":{"line":32,"column":40}},"type":"if","locations":[{"start":{"line":31,"column":2},"end":{"line":32,"column":40}},{"start":{},"end":{}}],"line":31},"1":{"loc":{"start":{"line":34,"column":11},"end":{"line":73,"column":5}},"type":"cond-expr","locations":[{"start":{"line":34,"column":42},"end":{"line":34,"column":53}},{"start":{"line":35,"column":6},"end":{"line":72,"column":11}}],"line":34}},"s":{"0":1,"1":7,"2":6,"3":6,"4":6,"5":6,"6":2,"7":2,"8":2,"9":2,"10":2,"11":6,"12":6,"13":2,"14":4,"15":0,"16":0,"17":0,"18":0,"19":0,"20":0},"f":{"0":7,"1":2,"2":2,"3":0,"4":0,"5":0,"6":0,"7":0},"b":{"0":[2,4],"1":[0,4]},"_coverageSchema":"1a1c01bbd47fc00a2c39e90264f33305004495a9","hash":"362bc5a1ecc4ddbc3cf71217960c9b93a6c3d0aa"}
,"D:\\WEB\\src\\components\\Header.js": {"path":"D:\\WEB\\src\\components\\Header.js","statementMap":{"0":{"start":{"line":8,"column":14},"end":{"line":14,"column":1}},"1":{"start":{"line":9,"column":4},"end":{"line":13,"column":8}},"2":{"start":{"line":16,"column":15},"end":{"line":46,"column":1}},"3":{"start":{"line":17,"column":42},"end":{"line":17,"column":57}},"4":{"start":{"line":19,"column":21},"end":{"line":19,"column":32}},"5":{"start":{"line":21,"column":19},"end":{"line":21,"column":42}},"6":{"start":{"line":23,"column":22},"end":{"line":23,"column":60}},"7":{"start":{"line":23,"column":43},"end":{"line":23,"column":59}},"8":{"start":{"line":25,"column":4},"end":{"line":45,"column":6}},"9":{"start":{"line":40,"column":38},"end":{"line":40,"column":58}},"10":{"start":{"line":42,"column":39},"end":{"line":42,"column":58}}},"fnMap":{"0":{"name":"(anonymous_0)","decl":{"start":{"line":8,"column":14},"end":{"line":8,"column":15}},"loc":{"start":{"line":9,"column":4},"end":{"line":13,"column":8}},"line":9},"1":{"name":"(anonymous_1)","decl":{"start":{"line":16,"column":15},"end":{"line":16,"column":16}},"loc":{"start":{"line":16,"column":19},"end":{"line":46,"column":1}},"line":16},"2":{"name":"(anonymous_2)","decl":{"start":{"line":23,"column":34},"end":{"line":23,"column":35}},"loc":{"start":{"line":23,"column":43},"end":{"line":23,"column":59}},"line":23},"3":{"name":"(anonymous_3)","decl":{"start":{"line":40,"column":33},"end":{"line":40,"column":34}},"loc":{"start":{"line":40,"column":38},"end":{"line":40,"column":58}},"line":40},"4":{"name":"(anonymous_4)","decl":{"start":{"line":42,"column":33},"end":{"line":42,"column":34}},"loc":{"start":{"line":42,"column":39},"end":{"line":42,"column":58}},"line":42}},"branchMap":{"0":{"loc":{"start":{"line":37,"column":45},"end":{"line":37,"column":75}},"type":"cond-expr","locations":[{"start":{"line":37,"column":55},"end":{"line":37,"column":63}},{"start":{"line":37,"column":66},"end":{"line":37,"column":75}}],"line":37},"1":{"loc":{"start":{"line":39,"column":14},"end":{"line":43,"column":17}},"type":"cond-expr","locations":[{"start":{"line":40,"column":16},"end":{"line":40,"column":75}},{"start":{"line":42,"column":16},"end":{"line":42,"column":74}}],"line":39}},"s":{"0":1,"1":3,"2":1,"3":3,"4":3,"5":3,"6":3,"7":6,"8":3,"9":0,"10":0},"f":{"0":3,"1":3,"2":6,"3":0,"4":0},"b":{"0":[3,0],"1":[0,3]},"_coverageSchema":"1a1c01bbd47fc00a2c39e90264f33305004495a9","hash":"dd9f00b7238812fbe3a5029df8375fec62268a2e"}
,"D:\\WEB\\src\\components\\RestaurantCard.js": {"path":"D:\\WEB\\src\\components\\RestaurantCard.js","statementMap":{"0":{"start":{"line":5,"column":23},"end":{"line":19,"column":1}},"1":{"start":{"line":6,"column":19},"end":{"line":6,"column":42}},"2":{"start":{"line":7,"column":4},"end":{"line":18,"column":6}}},"fnMap":{"0":{"name":"(anonymous_0)","decl":{"start":{"line":5,"column":23},"end":{"line":5,"column":24}},"loc":{"start":{"line":5,"column":83},"end":{"line":19,"column":1}},"line":5}},"branchMap":{},"s":{"0":1,"1":0,"2":0},"f":{"0":0},"b":{},"_coverageSchema":"1a1c01bbd47fc00a2c39e90264f33305004495a9","hash":"5ab59012d66d60f6b4cab69e5d9f33f81631a70b"}
,"D:\\WEB\\src\\components\\sum.js": {"path":"D:\\WEB\\src\\components\\sum.js","statementMap":{"0":{"start":{"line":1,"column":19},"end":{"line":1,"column":34}},"1":{"start":{"line":1,"column":29},"end":{"line":1,"column":34}}},"fnMap":{"0":{"name":"(anonymous_0)","decl":{"start":{"line":1,"column":19},"end":{"line":1,"column":20}},"loc":{"start":{"line":1,"column":29},"end":{"line":1,"column":34}},"line":1}},"branchMap":{},"s":{"0":1,"1":1},"f":{"0":1},"b":{},"_coverageSchema":"1a1c01bbd47fc00a2c39e90264f33305004495a9","hash":"f33b36eaa24a32ad79662407510ca3ec8d17e112"}
,"D:\\WEB\\src\\mocks\\Data.js": {"path":"D:\\WEB\\src\\mocks\\Data.js","statementMap":{"0":{"start":{"line":1,"column":31},"end":{"line":6966,"column":1}}},"fnMap":{},"branchMap":{},"s":{"0":1},"f":{},"b":{},"_coverageSchema":"1a1c01bbd47fc00a2c39e90264f33305004495a9","hash":"c11d9721dc40c712473472e5aadd8a3182a5a344"}
,"D:\\WEB\\src\\utils\\cartSlice.js": {"path":"D:\\WEB\\src\\utils\\cartSlice.js","statementMap":{"0":{"start":{"line":3,"column":18},"end":{"line":19,"column":2}},"1":{"start":{"line":10,"column":12},"end":{"line":10,"column":45}},"2":{"start":{"line":13,"column":12},"end":{"line":13,"column":30}},"3":{"start":{"line":16,"column":12},"end":{"line":16,"column":29}},"4":{"start":{"line":21,"column":48},"end":{"line":21,"column":65}}},"fnMap":{"0":{"name":"(anonymous_0)","decl":{"start":{"line":9,"column":17},"end":{"line":9,"column":18}},"loc":{"start":{"line":9,"column":34},"end":{"line":11,"column":9}},"line":9},"1":{"name":"(anonymous_1)","decl":{"start":{"line":12,"column":20},"end":{"line":12,"column":21}},"loc":{"start":{"line":12,"column":37},"end":{"line":14,"column":9}},"line":12},"2":{"name":"(anonymous_2)","decl":{"start":{"line":15,"column":19},"end":{"line":15,"column":20}},"loc":{"start":{"line":15,"column":28},"end":{"line":17,"column":9}},"line":15}},"branchMap":{},"s":{"0":2,"1":0,"2":0,"3":0,"4":2},"f":{"0":0,"1":0,"2":0},"b":{},"_coverageSchema":"1a1c01bbd47fc00a2c39e90264f33305004495a9","hash":"55043b374236418456a93aec581813a34562f730"}
,"D:\\WEB\\src\\utils\\helper.js": {"path":"D:\\WEB\\src\\utils\\helper.js","statementMap":{"0":{"start":{"line":2,"column":23},"end":{"line":2,"column":133}},"1":{"start":{"line":2,"column":58},"end":{"line":2,"column":132}},"2":{"start":{"line":3,"column":4},"end":{"line":3,"column":22}}},"fnMap":{"0":{"name":"filterData","decl":{"start":{"line":1,"column":16},"end":{"line":1,"column":26}},"loc":{"start":{"line":1,"column":53},"end":{"line":4,"column":3}},"line":1},"1":{"name":"(anonymous_1)","decl":{"start":{"line":2,"column":42},"end":{"line":2,"column":43}},"loc":{"start":{"line":2,"column":58},"end":{"line":2,"column":132}},"line":2}},"branchMap":{},"s":{"0":0,"1":0,"2":0},"f":{"0":0,"1":0},"b":{},"_coverageSchema":"1a1c01bbd47fc00a2c39e90264f33305004495a9","hash":"7e1b2f61c3ccb86a8ca3d0845fa290e88006910e"}
,"D:\\WEB\\src\\utils\\store.js": {"path":"D:\\WEB\\src\\utils\\store.js","statementMap":{"0":{"start":{"line":4,"column":14},"end":{"line":8,"column":2}}},"fnMap":{},"branchMap":{},"s":{"0":2},"f":{},"b":{},"_coverageSchema":"1a1c01bbd47fc00a2c39e90264f33305004495a9","hash":"39897e5f459ebeb6c5576bd5cd1ac04b09df4e14"}
,"D:\\WEB\\src\\utils\\useOnline.js": {"path":"D:\\WEB\\src\\utils\\useOnline.js","statementMap":{"0":{"start":{"line":3,"column":18},"end":{"line":25,"column":1}},"1":{"start":{"line":4,"column":36},"end":{"line":4,"column":50}},"2":{"start":{"line":6,"column":4},"end":{"line":22,"column":11}},"3":{"start":{"line":8,"column":29},"end":{"line":10,"column":9}},"4":{"start":{"line":9,"column":12},"end":{"line":9,"column":30}},"5":{"start":{"line":11,"column":30},"end":{"line":13,"column":9}},"6":{"start":{"line":12,"column":12},"end":{"line":12,"column":31}},"7":{"start":{"line":15,"column":8},"end":{"line":15,"column":56}},"8":{"start":{"line":16,"column":8},"end":{"line":16,"column":58}},"9":{"start":{"line":18,"column":8},"end":{"line":21,"column":10}},"10":{"start":{"line":19,"column":12},"end":{"line":19,"column":63}},"11":{"start":{"line":20,"column":12},"end":{"line":20,"column":65}},"12":{"start":{"line":24,"column":4},"end":{"line":24,"column":20}}},"fnMap":{"0":{"name":"(anonymous_0)","decl":{"start":{"line":3,"column":18},"end":{"line":3,"column":19}},"loc":{"start":{"line":3,"column":24},"end":{"line":25,"column":1}},"line":3},"1":{"name":"(anonymous_1)","decl":{"start":{"line":6,"column":14},"end":{"line":6,"column":15}},"loc":{"start":{"line":6,"column":18},"end":{"line":22,"column":5}},"line":6},"2":{"name":"(anonymous_2)","decl":{"start":{"line":8,"column":29},"end":{"line":8,"column":30}},"loc":{"start":{"line":8,"column":34},"end":{"line":10,"column":9}},"line":8},"3":{"name":"(anonymous_3)","decl":{"start":{"line":11,"column":30},"end":{"line":11,"column":31}},"loc":{"start":{"line":11,"column":35},"end":{"line":13,"column":9}},"line":11},"4":{"name":"(anonymous_4)","decl":{"start":{"line":18,"column":15},"end":{"line":18,"column":16}},"loc":{"start":{"line":18,"column":21},"end":{"line":21,"column":9}},"line":18}},"branchMap":{},"s":{"0":2,"1":3,"2":3,"3":3,"4":0,"5":3,"6":0,"7":3,"8":3,"9":3,"10":3,"11":3,"12":3},"f":{"0":3,"1":3,"2":0,"3":0,"4":3},"b":{},"_coverageSchema":"1a1c01bbd47fc00a2c39e90264f33305004495a9","hash":"c068602ab74eb3abfbb90cab054479dbc027dfd8"}
,"D:\\WEB\\src\\utils\\userContext.js": {"path":"D:\\WEB\\src\\utils\\userContext.js","statementMap":{"0":{"start":{"line":3,"column":20},"end":{"line":8,"column":2}}},"fnMap":{},"branchMap":{},"s":{"0":2},"f":{},"b":{},"_coverageSchema":"1a1c01bbd47fc00a2c39e90264f33305004495a9","hash":"93267c4292f1e766aab739aa1a53ab6063546509"}
}
